[1 - Suricata-Main] 2026-03-14 02:31:47 Notice: suricata: This is Suricata version 8.0.3 RELEASE running in SYSTEM mode
[1 - Suricata-Main] 2026-03-14 02:31:47 Info: cpu: CPUs/cores online: 8
[1 - Suricata-Main] 2026-03-14 02:31:47 Info: suricata: Setting engine mode to IDS mode by default
[1 - Suricata-Main] 2026-03-14 02:31:47 Info: exception-policy: master exception-policy set to: auto
[1 - Suricata-Main] 2026-03-14 02:31:47 Info: conf: Running in live mode, activating unix socket
[1 - Suricata-Main] 2026-03-14 02:31:47 Info: logopenfile: fast output device (regular) initialized: fast.log
[1 - Suricata-Main] 2026-03-14 02:31:47 Info: logopenfile: eve-log output device (regular) initialized: eve.json
[1 - Suricata-Main] 2026-03-14 02:31:47 Info: logopenfile: stats output device (regular) initialized: stats.log
[1 - Suricata-Main] 2026-03-14 02:31:47 Warning: detect: No rule files match the pattern /var/lib/suricata/rules/suricata.rules
[1 - Suricata-Main] 2026-03-14 02:31:47 Warning: detect: 1 rule files specified, but no rules were loaded!
[1 - Suricata-Main] 2026-03-14 02:31:47 Info: threshold-config: Threshold config parsed: 0 rule(s) found
[1 - Suricata-Main] 2026-03-14 02:31:47 Info: detect: 0 signatures processed. 0 are IP-only rules, 0 are inspecting packet payload, 0 inspect application layer, 0 are decoder event only
[1 - Suricata-Main] 2026-03-14 02:31:47 Notice: mpm-hs: Rule group caching - loaded: 0 newly cached: 0 total cacheable: 0
[1 - Suricata-Main] 2026-03-14 02:31:47 Info: unix-manager: unix socket '/var/run/suricata/suricata-command.socket'
[1 - Suricata-Main] 2026-03-14 02:31:47 Warning: ioctl: eth0: failed to set SIOCETHTOOL ioctl: Operation not permitted
[1 - Suricata-Main] 2026-03-14 02:31:47 Warning: ioctl: eth0: failed to set SIOCETHTOOL ioctl: Operation not permitted
[1 - Suricata-Main] 2026-03-14 02:31:47 Warning: ioctl: eth0: failed to set SIOCETHTOOL ioctl: Operation not permitted
[1 - Suricata-Main] 2026-03-14 02:31:47 Info: runmodes: eth0: creating 8 threads
[17 - W#01-eth0] 2026-03-14 02:31:47 Info: ioctl: eth0: MTU 1500
[1 - Suricata-Main] 2026-03-14 02:31:47 Notice: threads: Threads created -> W: 8 FM: 1 FR: 1   Engine started.
[1 - Suricata-Main] 2026-03-14 02:32:50 Notice: detect: rule reload starting
[1 - Suricata-Main] 2026-03-14 02:33:06 Info: detect: tenant id 0:  1 rule files processed. 49090 rules successfully loaded, 0 rules failed, 0 rules skipped
[1 - Suricata-Main] 2026-03-14 02:33:07 Info: threshold-config: tenant id 0: Threshold config parsed: 0 rule(s) found
[1 - Suricata-Main] 2026-03-14 02:33:07 Info: detect: tenant id 0: 49095 signatures processed. 1261 are IP-only rules, 4477 are inspecting packet payload, 43122 inspect application layer, 110 are decoder event only
[1 - Suricata-Main] 2026-03-14 02:33:08 Notice: mpm-hs: Rule group caching - loaded: 113 newly cached: 0 total cacheable: 113
[1 - Suricata-Main] 2026-03-14 02:33:09 Notice: detect: rule reload complete
[1 - Suricata-Main] 2026-03-14 02:33:15 Notice: suricata: Signal Received.  Stopping engine.
[1 - Suricata-Main] 2026-03-14 02:33:15 Info: suricata: time elapsed 87.830s
[1 - Suricata-Main] 2026-03-14 02:33:16 Info: counters: Alerts: 0
[1 - Suricata-Main] 2026-03-14 02:33:16 Notice: device: eth0: packets: 1676, drops: 0 (0.00%), invalid chksum: 0
[1 - Suricata-Main] 2026-03-14 02:33:16 Warning: ioctl: eth0: failed to set SIOCETHTOOL ioctl: Operation not permitted
[1 - Suricata-Main] 2026-03-14 02:33:16 Warning: ioctl: eth0: failed to set SIOCETHTOOL ioctl: Operation not permitted
[1 - Suricata-Main] 2026-03-14 02:33:16 Warning: ioctl: eth0: failed to set SIOCETHTOOL ioctl: Operation not permitted
[1 - Suricata-Main] 2026-03-14 02:33:17 Notice: suricata: This is Suricata version 8.0.3 RELEASE running in SYSTEM mode
[1 - Suricata-Main] 2026-03-14 02:33:17 Info: cpu: CPUs/cores online: 8
[1 - Suricata-Main] 2026-03-14 02:33:17 Info: suricata: Setting engine mode to IDS mode by default
[1 - Suricata-Main] 2026-03-14 02:33:17 Info: exception-policy: master exception-policy set to: auto
[1 - Suricata-Main] 2026-03-14 02:33:17 Info: conf: Running in live mode, activating unix socket
[1 - Suricata-Main] 2026-03-14 02:33:17 Info: logopenfile: fast output device (regular) initialized: fast.log
[1 - Suricata-Main] 2026-03-14 02:33:17 Info: logopenfile: eve-log output device (regular) initialized: eve.json
[1 - Suricata-Main] 2026-03-14 02:33:17 Info: logopenfile: stats output device (regular) initialized: stats.log
[1 - Suricata-Main] 2026-03-14 02:33:33 Info: detect: 1 rule files processed. 49090 rules successfully loaded, 0 rules failed, 0 rules skipped
[1 - Suricata-Main] 2026-03-14 02:33:33 Info: threshold-config: Threshold config parsed: 0 rule(s) found
[1 - Suricata-Main] 2026-03-14 02:33:33 Info: detect: 49095 signatures processed. 1261 are IP-only rules, 4477 are inspecting packet payload, 43122 inspect application layer, 110 are decoder event only
[1 - Suricata-Main] 2026-03-14 02:33:35 Notice: mpm-hs: Rule group caching - loaded: 113 newly cached: 0 total cacheable: 113
[1 - Suricata-Main] 2026-03-14 02:33:35 Info: unix-manager: unix socket '/var/run/suricata/suricata-command.socket'
[1 - Suricata-Main] 2026-03-14 02:33:35 Warning: ioctl: eth0: failed to set SIOCETHTOOL ioctl: Operation not permitted
[1 - Suricata-Main] 2026-03-14 02:33:35 Warning: ioctl: eth0: failed to set SIOCETHTOOL ioctl: Operation not permitted
[1 - Suricata-Main] 2026-03-14 02:33:35 Warning: ioctl: eth0: failed to set SIOCETHTOOL ioctl: Operation not permitted
[1 - Suricata-Main] 2026-03-14 02:33:35 Info: runmodes: eth0: creating 8 threads
[16 - W#01-eth0] 2026-03-14 02:33:35 Info: ioctl: eth0: MTU 1500
[1 - Suricata-Main] 2026-03-14 02:33:35 Notice: threads: Threads created -> W: 8 FM: 1 FR: 1   Engine started.
[1 - Suricata-Main] 2026-03-14 02:54:52 Notice: suricata: Signal Received.  Stopping engine.
[1 - Suricata-Main] 2026-03-14 02:54:52 Info: suricata: time elapsed 1277.388s
[1 - Suricata-Main] 2026-03-14 02:54:52 Info: counters: Alerts: 0
[1 - Suricata-Main] 2026-03-14 02:54:53 Notice: device: eth0: packets: 51, drops: 0 (0.00%), invalid chksum: 0
[1 - Suricata-Main] 2026-03-14 02:54:53 Warning: ioctl: eth0: failed to set SIOCETHTOOL ioctl: Operation not permitted
[1 - Suricata-Main] 2026-03-14 02:54:53 Warning: ioctl: eth0: failed to set SIOCETHTOOL ioctl: Operation not permitted
[1 - Suricata-Main] 2026-03-14 02:54:53 Warning: ioctl: eth0: failed to set SIOCETHTOOL ioctl: Operation not permitted
[1 - Suricata-Main] 2026-03-14 02:54:55 Notice: suricata: This is Suricata version 8.0.3 RELEASE running in SYSTEM mode
[1 - Suricata-Main] 2026-03-14 02:54:55 Info: cpu: CPUs/cores online: 8
[1 - Suricata-Main] 2026-03-14 02:54:55 Info: suricata: Setting engine mode to IDS mode by default
[1 - Suricata-Main] 2026-03-14 02:54:55 Info: exception-policy: master exception-policy set to: auto
[1 - Suricata-Main] 2026-03-14 02:54:55 Info: conf: Running in live mode, activating unix socket
[1 - Suricata-Main] 2026-03-14 02:54:55 Info: logopenfile: fast output device (regular) initialized: fast.log
[1 - Suricata-Main] 2026-03-14 02:54:55 Info: logopenfile: eve-log output device (regular) initialized: eve.json
[1 - Suricata-Main] 2026-03-14 02:54:55 Info: logopenfile: stats output device (regular) initialized: stats.log
[1 - Suricata-Main] 2026-03-14 02:55:15 Info: detect: 1 rule files processed. 49090 rules successfully loaded, 0 rules failed, 0 rules skipped
[1 - Suricata-Main] 2026-03-14 02:55:16 Info: threshold-config: Threshold config parsed: 0 rule(s) found
[1 - Suricata-Main] 2026-03-14 02:55:16 Info: detect: 49095 signatures processed. 1261 are IP-only rules, 4477 are inspecting packet payload, 43122 inspect application layer, 110 are decoder event only
[1 - Suricata-Main] 2026-03-14 02:55:50 Notice: mpm-hs: Rule group caching - loaded: 0 newly cached: 113 total cacheable: 113
[1 - Suricata-Main] 2026-03-14 02:55:50 Info: unix-manager: unix socket '/var/run/suricata/suricata-command.socket'
[1 - Suricata-Main] 2026-03-14 02:55:50 Warning: ioctl: eth0: failed to set SIOCETHTOOL ioctl: Operation not permitted
[1 - Suricata-Main] 2026-03-14 02:55:50 Warning: ioctl: eth0: failed to set SIOCETHTOOL ioctl: Operation not permitted
[1 - Suricata-Main] 2026-03-14 02:55:50 Warning: ioctl: eth0: failed to set SIOCETHTOOL ioctl: Operation not permitted
[1 - Suricata-Main] 2026-03-14 02:55:50 Info: runmodes: eth0: creating 8 threads
[16 - W#01-eth0] 2026-03-14 02:55:50 Info: ioctl: eth0: MTU 1500
[1 - Suricata-Main] 2026-03-14 02:55:50 Notice: threads: Threads created -> W: 8 FM: 1 FR: 1   Engine started.
